running egg_info
creating ../../build/camera_pkg/camera_pkg.egg-info
writing ../../build/camera_pkg/camera_pkg.egg-info/PKG-INFO
writing dependency_links to ../../build/camera_pkg/camera_pkg.egg-info/dependency_links.txt
writing entry points to ../../build/camera_pkg/camera_pkg.egg-info/entry_points.txt
writing requirements to ../../build/camera_pkg/camera_pkg.egg-info/requires.txt
writing top-level names to ../../build/camera_pkg/camera_pkg.egg-info/top_level.txt
writing manifest file '../../build/camera_pkg/camera_pkg.egg-info/SOURCES.txt'
reading manifest file '../../build/camera_pkg/camera_pkg.egg-info/SOURCES.txt'
writing manifest file '../../build/camera_pkg/camera_pkg.egg-info/SOURCES.txt'
running build
running build_py
creating /home/monkey/Innovedex_Bot/build/camera_pkg/build
creating /home/monkey/Innovedex_Bot/build/camera_pkg/build/lib
creating /home/monkey/Innovedex_Bot/build/camera_pkg/build/lib/camera_pkg
copying camera_pkg/robot_controller_app.py -> /home/monkey/Innovedex_Bot/build/camera_pkg/build/lib/camera_pkg
copying camera_pkg/controller_ui.py -> /home/monkey/Innovedex_Bot/build/camera_pkg/build/lib/camera_pkg
copying camera_pkg/cam_node.py -> /home/monkey/Innovedex_Bot/build/camera_pkg/build/lib/camera_pkg
copying camera_pkg/objectdetection.py -> /home/monkey/Innovedex_Bot/build/camera_pkg/build/lib/camera_pkg
copying camera_pkg/__init__.py -> /home/monkey/Innovedex_Bot/build/camera_pkg/build/lib/camera_pkg
copying camera_pkg/controller.py -> /home/monkey/Innovedex_Bot/build/camera_pkg/build/lib/camera_pkg
running install
running install_lib
creating /home/monkey/Innovedex_Bot/install/camera_pkg/lib/python3.10/site-packages/camera_pkg
copying /home/monkey/Innovedex_Bot/build/camera_pkg/build/lib/camera_pkg/robot_controller_app.py -> /home/monkey/Innovedex_Bot/install/camera_pkg/lib/python3.10/site-packages/camera_pkg
copying /home/monkey/Innovedex_Bot/build/camera_pkg/build/lib/camera_pkg/controller_ui.py -> /home/monkey/Innovedex_Bot/install/camera_pkg/lib/python3.10/site-packages/camera_pkg
copying /home/monkey/Innovedex_Bot/build/camera_pkg/build/lib/camera_pkg/cam_node.py -> /home/monkey/Innovedex_Bot/install/camera_pkg/lib/python3.10/site-packages/camera_pkg
copying /home/monkey/Innovedex_Bot/build/camera_pkg/build/lib/camera_pkg/objectdetection.py -> /home/monkey/Innovedex_Bot/install/camera_pkg/lib/python3.10/site-packages/camera_pkg
copying /home/monkey/Innovedex_Bot/build/camera_pkg/build/lib/camera_pkg/__init__.py -> /home/monkey/Innovedex_Bot/install/camera_pkg/lib/python3.10/site-packages/camera_pkg
copying /home/monkey/Innovedex_Bot/build/camera_pkg/build/lib/camera_pkg/controller.py -> /home/monkey/Innovedex_Bot/install/camera_pkg/lib/python3.10/site-packages/camera_pkg
byte-compiling /home/monkey/Innovedex_Bot/install/camera_pkg/lib/python3.10/site-packages/camera_pkg/robot_controller_app.py to robot_controller_app.cpython-310.pyc
byte-compiling /home/monkey/Innovedex_Bot/install/camera_pkg/lib/python3.10/site-packages/camera_pkg/controller_ui.py to controller_ui.cpython-310.pyc
byte-compiling /home/monkey/Innovedex_Bot/install/camera_pkg/lib/python3.10/site-packages/camera_pkg/cam_node.py to cam_node.cpython-310.pyc
byte-compiling /home/monkey/Innovedex_Bot/install/camera_pkg/lib/python3.10/site-packages/camera_pkg/objectdetection.py to objectdetection.cpython-310.pyc
byte-compiling /home/monkey/Innovedex_Bot/install/camera_pkg/lib/python3.10/site-packages/camera_pkg/__init__.py to __init__.cpython-310.pyc
byte-compiling /home/monkey/Innovedex_Bot/install/camera_pkg/lib/python3.10/site-packages/camera_pkg/controller.py to controller.cpython-310.pyc
running install_data
creating /home/monkey/Innovedex_Bot/install/camera_pkg/share/ament_index
creating /home/monkey/Innovedex_Bot/install/camera_pkg/share/ament_index/resource_index
creating /home/monkey/Innovedex_Bot/install/camera_pkg/share/ament_index/resource_index/packages
copying resource/camera_pkg -> /home/monkey/Innovedex_Bot/install/camera_pkg/share/ament_index/resource_index/packages
copying package.xml -> /home/monkey/Innovedex_Bot/install/camera_pkg/share/camera_pkg
running install_egg_info
Copying ../../build/camera_pkg/camera_pkg.egg-info to /home/monkey/Innovedex_Bot/install/camera_pkg/lib/python3.10/site-packages/camera_pkg-0.0.0-py3.10.egg-info
running install_scripts
Installing cam_node script to /home/monkey/Innovedex_Bot/install/camera_pkg/lib/camera_pkg
Installing controller script to /home/monkey/Innovedex_Bot/install/camera_pkg/lib/camera_pkg
Installing conui script to /home/monkey/Innovedex_Bot/install/camera_pkg/lib/camera_pkg
Installing objdetect script to /home/monkey/Innovedex_Bot/install/camera_pkg/lib/camera_pkg
writing list of installed files to '/home/monkey/Innovedex_Bot/build/camera_pkg/install.log'
