[0.439s] Invoking command in '/home/monkey/Innovedex_Bot/src/camera_pkg': PYTHONPATH=/home/monkey/Innovedex_Bot/build/camera_pkg/prefix_override:/usr/lib/python3/dist-packages/colcon_core/task/python/colcon_distutils_commands:/home/monkey/Innovedex_Bot/install/camera_pkg/lib/python3.10/site-packages:${PYTHONPATH} /usr/bin/python3 -W ignore:setup.py install is deprecated -W ignore:easy_install command is deprecated setup.py egg_info --egg-base ../../build/camera_pkg build --build-base /home/monkey/Innovedex_Bot/build/camera_pkg/build install --record /home/monkey/Innovedex_Bot/build/camera_pkg/install.log --single-version-externally-managed install_data
[0.608s] running egg_info
[0.608s] creating ../../build/camera_pkg/camera_pkg.egg-info
[0.609s] writing ../../build/camera_pkg/camera_pkg.egg-info/PKG-INFO
[0.609s] writing dependency_links to ../../build/camera_pkg/camera_pkg.egg-info/dependency_links.txt
[0.609s] writing entry points to ../../build/camera_pkg/camera_pkg.egg-info/entry_points.txt
[0.609s] writing requirements to ../../build/camera_pkg/camera_pkg.egg-info/requires.txt
[0.609s] writing top-level names to ../../build/camera_pkg/camera_pkg.egg-info/top_level.txt
[0.609s] writing manifest file '../../build/camera_pkg/camera_pkg.egg-info/SOURCES.txt'
[0.610s] reading manifest file '../../build/camera_pkg/camera_pkg.egg-info/SOURCES.txt'
[0.611s] writing manifest file '../../build/camera_pkg/camera_pkg.egg-info/SOURCES.txt'
[0.611s] running build
[0.611s] running build_py
[0.611s] creating /home/monkey/Innovedex_Bot/build/camera_pkg/build
[0.611s] creating /home/monkey/Innovedex_Bot/build/camera_pkg/build/lib
[0.611s] creating /home/monkey/Innovedex_Bot/build/camera_pkg/build/lib/camera_pkg
[0.611s] copying camera_pkg/robot_controller_app.py -> /home/monkey/Innovedex_Bot/build/camera_pkg/build/lib/camera_pkg
[0.611s] copying camera_pkg/controller_ui.py -> /home/monkey/Innovedex_Bot/build/camera_pkg/build/lib/camera_pkg
[0.612s] copying camera_pkg/cam_node.py -> /home/monkey/Innovedex_Bot/build/camera_pkg/build/lib/camera_pkg
[0.612s] copying camera_pkg/objectdetection.py -> /home/monkey/Innovedex_Bot/build/camera_pkg/build/lib/camera_pkg
[0.612s] copying camera_pkg/__init__.py -> /home/monkey/Innovedex_Bot/build/camera_pkg/build/lib/camera_pkg
[0.612s] copying camera_pkg/controller.py -> /home/monkey/Innovedex_Bot/build/camera_pkg/build/lib/camera_pkg
[0.612s] running install
[0.612s] running install_lib
[0.613s] creating /home/monkey/Innovedex_Bot/install/camera_pkg/lib/python3.10/site-packages/camera_pkg
[0.613s] copying /home/monkey/Innovedex_Bot/build/camera_pkg/build/lib/camera_pkg/robot_controller_app.py -> /home/monkey/Innovedex_Bot/install/camera_pkg/lib/python3.10/site-packages/camera_pkg
[0.613s] copying /home/monkey/Innovedex_Bot/build/camera_pkg/build/lib/camera_pkg/controller_ui.py -> /home/monkey/Innovedex_Bot/install/camera_pkg/lib/python3.10/site-packages/camera_pkg
[0.613s] copying /home/monkey/Innovedex_Bot/build/camera_pkg/build/lib/camera_pkg/cam_node.py -> /home/monkey/Innovedex_Bot/install/camera_pkg/lib/python3.10/site-packages/camera_pkg
[0.613s] copying /home/monkey/Innovedex_Bot/build/camera_pkg/build/lib/camera_pkg/objectdetection.py -> /home/monkey/Innovedex_Bot/install/camera_pkg/lib/python3.10/site-packages/camera_pkg
[0.613s] copying /home/monkey/Innovedex_Bot/build/camera_pkg/build/lib/camera_pkg/__init__.py -> /home/monkey/Innovedex_Bot/install/camera_pkg/lib/python3.10/site-packages/camera_pkg
[0.613s] copying /home/monkey/Innovedex_Bot/build/camera_pkg/build/lib/camera_pkg/controller.py -> /home/monkey/Innovedex_Bot/install/camera_pkg/lib/python3.10/site-packages/camera_pkg
[0.614s] byte-compiling /home/monkey/Innovedex_Bot/install/camera_pkg/lib/python3.10/site-packages/camera_pkg/robot_controller_app.py to robot_controller_app.cpython-310.pyc
[0.617s] byte-compiling /home/monkey/Innovedex_Bot/install/camera_pkg/lib/python3.10/site-packages/camera_pkg/controller_ui.py to controller_ui.cpython-310.pyc
[0.618s] byte-compiling /home/monkey/Innovedex_Bot/install/camera_pkg/lib/python3.10/site-packages/camera_pkg/cam_node.py to cam_node.cpython-310.pyc
[0.618s] byte-compiling /home/monkey/Innovedex_Bot/install/camera_pkg/lib/python3.10/site-packages/camera_pkg/objectdetection.py to objectdetection.cpython-310.pyc
[0.619s] byte-compiling /home/monkey/Innovedex_Bot/install/camera_pkg/lib/python3.10/site-packages/camera_pkg/__init__.py to __init__.cpython-310.pyc
[0.619s] byte-compiling /home/monkey/Innovedex_Bot/install/camera_pkg/lib/python3.10/site-packages/camera_pkg/controller.py to controller.cpython-310.pyc
[0.620s] running install_data
[0.620s] creating /home/monkey/Innovedex_Bot/install/camera_pkg/share/ament_index
[0.620s] creating /home/monkey/Innovedex_Bot/install/camera_pkg/share/ament_index/resource_index
[0.620s] creating /home/monkey/Innovedex_Bot/install/camera_pkg/share/ament_index/resource_index/packages
[0.620s] copying resource/camera_pkg -> /home/monkey/Innovedex_Bot/install/camera_pkg/share/ament_index/resource_index/packages
[0.620s] copying package.xml -> /home/monkey/Innovedex_Bot/install/camera_pkg/share/camera_pkg
[0.620s] running install_egg_info
[0.623s] Copying ../../build/camera_pkg/camera_pkg.egg-info to /home/monkey/Innovedex_Bot/install/camera_pkg/lib/python3.10/site-packages/camera_pkg-0.0.0-py3.10.egg-info
[0.624s] running install_scripts
[0.653s] Installing cam_node script to /home/monkey/Innovedex_Bot/install/camera_pkg/lib/camera_pkg
[0.653s] Installing controller script to /home/monkey/Innovedex_Bot/install/camera_pkg/lib/camera_pkg
[0.653s] Installing conui script to /home/monkey/Innovedex_Bot/install/camera_pkg/lib/camera_pkg
[0.653s] Installing objdetect script to /home/monkey/Innovedex_Bot/install/camera_pkg/lib/camera_pkg
[0.654s] writing list of installed files to '/home/monkey/Innovedex_Bot/build/camera_pkg/install.log'
[0.685s] Invoked command in '/home/monkey/Innovedex_Bot/src/camera_pkg' returned '0': PYTHONPATH=/home/monkey/Innovedex_Bot/build/camera_pkg/prefix_override:/usr/lib/python3/dist-packages/colcon_core/task/python/colcon_distutils_commands:/home/monkey/Innovedex_Bot/install/camera_pkg/lib/python3.10/site-packages:${PYTHONPATH} /usr/bin/python3 -W ignore:setup.py install is deprecated -W ignore:easy_install command is deprecated setup.py egg_info --egg-base ../../build/camera_pkg build --build-base /home/monkey/Innovedex_Bot/build/camera_pkg/build install --record /home/monkey/Innovedex_Bot/build/camera_pkg/install.log --single-version-externally-managed install_data
