/home/monkey/Innovedex_Bot/install/camera_pkg/lib/python3.10/site-packages/camera_pkg/robot_controller_app.py
/home/monkey/Innovedex_Bot/install/camera_pkg/lib/python3.10/site-packages/camera_pkg/controller_ui.py
/home/monkey/Innovedex_Bot/install/camera_pkg/lib/python3.10/site-packages/camera_pkg/controllerUI.py
/home/monkey/Innovedex_Bot/install/camera_pkg/lib/python3.10/site-packages/camera_pkg/cam_node.py
/home/monkey/Innovedex_Bot/install/camera_pkg/lib/python3.10/site-packages/camera_pkg/objectdetection.py
/home/monkey/Innovedex_Bot/install/camera_pkg/lib/python3.10/site-packages/camera_pkg/__init__.py
/home/monkey/Innovedex_Bot/install/camera_pkg/lib/python3.10/site-packages/camera_pkg/controller.py
/home/monkey/Innovedex_Bot/install/camera_pkg/lib/python3.10/site-packages/camera_pkg/__pycache__/robot_controller_app.cpython-310.pyc
/home/monkey/Innovedex_Bot/install/camera_pkg/lib/python3.10/site-packages/camera_pkg/__pycache__/controller_ui.cpython-310.pyc
/home/monkey/Innovedex_Bot/install/camera_pkg/lib/python3.10/site-packages/camera_pkg/__pycache__/controllerUI.cpython-310.pyc
/home/monkey/Innovedex_Bot/install/camera_pkg/lib/python3.10/site-packages/camera_pkg/__pycache__/cam_node.cpython-310.pyc
/home/monkey/Innovedex_Bot/install/camera_pkg/lib/python3.10/site-packages/camera_pkg/__pycache__/objectdetection.cpython-310.pyc
/home/monkey/Innovedex_Bot/install/camera_pkg/lib/python3.10/site-packages/camera_pkg/__pycache__/__init__.cpython-310.pyc
/home/monkey/Innovedex_Bot/install/camera_pkg/lib/python3.10/site-packages/camera_pkg/__pycache__/controller.cpython-310.pyc
/home/monkey/Innovedex_Bot/install/camera_pkg/share/ament_index/resource_index/packages/camera_pkg
/home/monkey/Innovedex_Bot/install/camera_pkg/share/camera_pkg/package.xml
/home/monkey/Innovedex_Bot/install/camera_pkg/lib/python3.10/site-packages/camera_pkg-0.0.0-py3.10.egg-info/dependency_links.txt
/home/monkey/Innovedex_Bot/install/camera_pkg/lib/python3.10/site-packages/camera_pkg-0.0.0-py3.10.egg-info/PKG-INFO
/home/monkey/Innovedex_Bot/install/camera_pkg/lib/python3.10/site-packages/camera_pkg-0.0.0-py3.10.egg-info/entry_points.txt
/home/monkey/Innovedex_Bot/install/camera_pkg/lib/python3.10/site-packages/camera_pkg-0.0.0-py3.10.egg-info/zip-safe
/home/monkey/Innovedex_Bot/install/camera_pkg/lib/python3.10/site-packages/camera_pkg-0.0.0-py3.10.egg-info/requires.txt
/home/monkey/Innovedex_Bot/install/camera_pkg/lib/python3.10/site-packages/camera_pkg-0.0.0-py3.10.egg-info/SOURCES.txt
/home/monkey/Innovedex_Bot/install/camera_pkg/lib/python3.10/site-packages/camera_pkg-0.0.0-py3.10.egg-info/top_level.txt
/home/monkey/Innovedex_Bot/install/camera_pkg/lib/camera_pkg/cam_node
/home/monkey/Innovedex_Bot/install/camera_pkg/lib/camera_pkg/controller
/home/monkey/Innovedex_Bot/install/camera_pkg/lib/camera_pkg/conui
/home/monkey/Innovedex_Bot/install/camera_pkg/lib/camera_pkg/objdetect
