[0.368s] Invoking command in '/home/monkey/Innovedex_Bot/src/camera_pkg': PYTHONPATH=/home/monkey/Innovedex_Bot/build/camera_pkg/prefix_override:/usr/lib/python3/dist-packages/colcon_core/task/python/colcon_distutils_commands:/home/monkey/Innovedex_Bot/install/camera_pkg/lib/python3.10/site-packages:${PYTHONPATH} /usr/bin/python3 -W ignore:setup.py install is deprecated -W ignore:easy_install command is deprecated setup.py egg_info --egg-base ../../build/camera_pkg build --build-base /home/monkey/Innovedex_Bot/build/camera_pkg/build install --record /home/monkey/Innovedex_Bot/build/camera_pkg/install.log --single-version-externally-managed install_data
[0.508s] running egg_info
[0.508s] writing ../../build/camera_pkg/camera_pkg.egg-info/PKG-INFO
[0.509s] writing dependency_links to ../../build/camera_pkg/camera_pkg.egg-info/dependency_links.txt
[0.509s] writing entry points to ../../build/camera_pkg/camera_pkg.egg-info/entry_points.txt
[0.509s] writing requirements to ../../build/camera_pkg/camera_pkg.egg-info/requires.txt
[0.509s] writing top-level names to ../../build/camera_pkg/camera_pkg.egg-info/top_level.txt
[0.510s] reading manifest file '../../build/camera_pkg/camera_pkg.egg-info/SOURCES.txt'
[0.510s] writing manifest file '../../build/camera_pkg/camera_pkg.egg-info/SOURCES.txt'
[0.510s] running build
[0.510s] running build_py
[0.510s] copying camera_pkg/cam_node.py -> /home/monkey/Innovedex_Bot/build/camera_pkg/build/lib/camera_pkg
[0.511s] running install
[0.511s] running install_lib
[0.512s] copying /home/monkey/Innovedex_Bot/build/camera_pkg/build/lib/camera_pkg/cam_node.py -> /home/monkey/Innovedex_Bot/install/camera_pkg/lib/python3.10/site-packages/camera_pkg
[0.512s] byte-compiling /home/monkey/Innovedex_Bot/install/camera_pkg/lib/python3.10/site-packages/camera_pkg/cam_node.py to cam_node.cpython-310.pyc
[0.512s] running install_data
[0.512s] running install_egg_info
[0.514s] removing '/home/monkey/Innovedex_Bot/install/camera_pkg/lib/python3.10/site-packages/camera_pkg-0.0.0-py3.10.egg-info' (and everything under it)
[0.514s] Copying ../../build/camera_pkg/camera_pkg.egg-info to /home/monkey/Innovedex_Bot/install/camera_pkg/lib/python3.10/site-packages/camera_pkg-0.0.0-py3.10.egg-info
[0.514s] running install_scripts
[0.527s] Installing cam_node script to /home/monkey/Innovedex_Bot/install/camera_pkg/lib/camera_pkg
[0.527s] Installing controller script to /home/monkey/Innovedex_Bot/install/camera_pkg/lib/camera_pkg
[0.528s] Installing conui script to /home/monkey/Innovedex_Bot/install/camera_pkg/lib/camera_pkg
[0.528s] Installing objdetect script to /home/monkey/Innovedex_Bot/install/camera_pkg/lib/camera_pkg
[0.528s] writing list of installed files to '/home/monkey/Innovedex_Bot/build/camera_pkg/install.log'
[0.546s] Invoked command in '/home/monkey/Innovedex_Bot/src/camera_pkg' returned '0': PYTHONPATH=/home/monkey/Innovedex_Bot/build/camera_pkg/prefix_override:/usr/lib/python3/dist-packages/colcon_core/task/python/colcon_distutils_commands:/home/monkey/Innovedex_Bot/install/camera_pkg/lib/python3.10/site-packages:${PYTHONPATH} /usr/bin/python3 -W ignore:setup.py install is deprecated -W ignore:easy_install command is deprecated setup.py egg_info --egg-base ../../build/camera_pkg build --build-base /home/monkey/Innovedex_Bot/build/camera_pkg/build install --record /home/monkey/Innovedex_Bot/build/camera_pkg/install.log --single-version-externally-managed install_data
